<?xml version="1.0" encoding="UTF-8"?>
<testsuite xmlns:xsi="http://www.w3.org/2001/XMLSchema-instance" xsi:noNamespaceSchemaLocation="https://maven.apache.org/surefire/maven-surefire-plugin/xsd/surefire-test-report.xsd" version="3.0.2" name="com.bolsadeideas.springboot.reactor.app.SpringBootWebfluxApirestApplicationTests" time="22.345" tests="7" errors="0" skipped="0" failures="0">
  <properties>
[...]
</properties>
  <testcase name="ver2Test" classname="com.bolsadeideas.springboot.reactor.app.SpringBootWebfluxApirestApplicationTests" time="4.828">
    <system-out><![CDATA[18:22:03.626 [main] INFO org.springframework.test.context.support.AnnotationConfigContextLoaderUtils -- Could not detect default configuration classes for test class [com.bolsadeideas.springboot.reactor.app.SpringBootWebfluxApirestApplicationTests]: SpringBootWebfluxApirestApplicationTests does not declare any static, non-private, non-final, nested classes annotated with @Configuration.
18:22:04.475 [main] INFO org.springframework.boot.test.context.SpringBootTestContextBootstrapper -- Found @SpringBootConfiguration com.bolsadeideas.springboot.reactor.app.SpringBootWebfluxApirestApplication for test class com.bolsadeideas.springboot.reactor.app.SpringBootWebfluxApirestApplicationTests
18:22:05.506 [main] INFO org.springframework.boot.devtools.restart.RestartApplicationListener -- Restart disabled due to context in which it is running

  .   ____          _            __ _ _
 /\\ / ___'_ __ _ _(_)_ __  __ _ \ \ \ \
( ( )\___ | '_ | '_| | '_ \/ _` | \ \ \ \
 \\/  ___)| |_)| | | | | || (_| |  ) ) ) )
  '  |____| .__|_| |_|_| |_\__, | / / / /
 =========|_|==============|___/=/_/_/_/

 :: Spring Boot ::                (v3.4.4)

2025-04-24T18:22:07.292-05:00  INFO 21264 --- [           main] SpringBootWebfluxApirestApplicationTests : Starting SpringBootWebfluxApirestApplicationTests using Java 17.0.14 with PID 21264 (started by andres.jurado_pragma in c:\wks_sts_webflux\spring-boot-webflux-apirest)
2025-04-24T18:22:07.296-05:00  INFO 21264 --- [           main] SpringBootWebfluxApirestApplicationTests : No active profile set, falling back to 1 default profile: "default"
2025-04-24T18:22:11.088-05:00  INFO 21264 --- [           main] .s.d.r.c.RepositoryConfigurationDelegate : Bootstrapping Spring Data Reactive MongoDB repositories in DEFAULT mode.
2025-04-24T18:22:12.000-05:00  INFO 21264 --- [           main] .s.d.r.c.RepositoryConfigurationDelegate : Finished Spring Data repository scanning in 857 ms. Found 2 Reactive MongoDB repository interfaces.
2025-04-24T18:22:15.022-05:00  INFO 21264 --- [           main] org.mongodb.driver.client                : MongoClient with metadata {"driver": {"name": "mongo-java-driver|reactive-streams|spring-boot", "version": "5.2.1"}, "os": {"type": "Windows", "name": "Windows 11", "architecture": "amd64", "version": "10.0"}, "platform": "Java/Amazon.com Inc./17.0.14+7-LTS"} created with settings MongoClientSettings{readPreference=primary, writeConcern=WriteConcern{w=null, wTimeout=null ms, journal=null}, retryWrites=true, retryReads=true, readConcern=ReadConcern{level=null}, credential=null, transportSettings=NettyTransportSettings{eventLoopGroup=io.netty.channel.nio.NioEventLoopGroup@5e7abaf7, socketChannelClass=null, allocator=null, sslContext=null}, commandListeners=[], codecRegistry=ProvidersCodecRegistry{codecProviders=[ValueCodecProvider{}, BsonValueCodecProvider{}, DBRefCodecProvider{}, DBObjectCodecProvider{}, DocumentCodecProvider{}, CollectionCodecProvider{}, IterableCodecProvider{}, MapCodecProvider{}, GeoJsonCodecProvider{}, GridFSFileCodecProvider{}, Jsr310CodecProvider{}, JsonObjectCodecProvider{}, BsonCodecProvider{}, EnumCodecProvider{}, com.mongodb.client.model.mql.ExpressionCodecProvider@353f472a, com.mongodb.Jep395RecordCodecProvider@63bfdbcb, com.mongodb.KotlinCodecProvider@7af0affa]}, loggerSettings=LoggerSettings{maxDocumentLength=1000}, clusterSettings={hosts=[localhost:27017], srvServiceName=mongodb, mode=SINGLE, requiredClusterType=UNKNOWN, requiredReplicaSetName='null', serverSelector='null', clusterListeners='[]', serverSelectionTimeout='30000 ms', localThreshold='15 ms'}, socketSettings=SocketSettings{connectTimeoutMS=10000, readTimeoutMS=0, receiveBufferSize=0, proxySettings=ProxySettings{host=null, port=null, username=null, password=null}}, heartbeatSocketSettings=SocketSettings{connectTimeoutMS=10000, readTimeoutMS=10000, receiveBufferSize=0, proxySettings=ProxySettings{host=null, port=null, username=null, password=null}}, connectionPoolSettings=ConnectionPoolSettings{maxSize=100, minSize=0, maxWaitTimeMS=120000, maxConnectionLifeTimeMS=0, maxConnectionIdleTimeMS=0, maintenanceInitialDelayMS=0, maintenanceFrequencyMS=60000, connectionPoolListeners=[], maxConnecting=2}, serverSettings=ServerSettings{heartbeatFrequencyMS=10000, minHeartbeatFrequencyMS=500, serverMonitoringMode=AUTO, serverListeners='[]', serverMonitorListeners='[]'}, sslSettings=SslSettings{enabled=false, invalidHostNameAllowed=false, context=null}, applicationName='null', compressorList=[], uuidRepresentation=JAVA_LEGACY, serverApi=null, autoEncryptionSettings=null, dnsClient=null, inetAddressResolver=null, contextProvider=null, timeoutMS=null}
2025-04-24T18:22:16.385-05:00  INFO 21264 --- [localhost:27017] org.mongodb.driver.cluster               : Monitor thread successfully connected to server with description ServerDescription{address=localhost:27017, type=STANDALONE, cryptd=false, state=CONNECTED, ok=true, minWireVersion=0, maxWireVersion=25, maxDocumentSize=16777216, logicalSessionTimeoutMinutes=30, roundTripTimeNanos=250780200, minRoundTripTimeNanos=0}
2025-04-24T18:22:19.040-05:00  INFO 21264 --- [           main] SpringBootWebfluxApirestApplicationTests : Started SpringBootWebfluxApirestApplicationTests in 13.617 seconds (process running for 18.691)
2025-04-24T18:22:20.156-05:00  INFO 21264 --- [ntLoopGroup-2-3] .r.a.SpringBootWebfluxApirestApplication : Cateoria creada: Electronico, Id: 680ac7ab88f2bc21e885a50d
2025-04-24T18:22:20.306-05:00  INFO 21264 --- [ntLoopGroup-2-4] .r.a.SpringBootWebfluxApirestApplication : Cateoria creada: Deporte, Id: 680ac7ab88f2bc21e885a50e
2025-04-24T18:22:20.311-05:00  INFO 21264 --- [ntLoopGroup-2-5] .r.a.SpringBootWebfluxApirestApplication : Cateoria creada: Computacion, Id: 680ac7ab88f2bc21e885a50f
2025-04-24T18:22:20.313-05:00  INFO 21264 --- [ntLoopGroup-2-6] .r.a.SpringBootWebfluxApirestApplication : Cateoria creada: Muebles, Id: 680ac7ab88f2bc21e885a510
2025-04-24T18:22:20.767-05:00  INFO 21264 --- [ntLoopGroup-2-6] .r.a.SpringBootWebfluxApirestApplication : Insert: 680ac7ac88f2bc21e885a511 TV Panasonic Pantalla LCD
2025-04-24T18:22:21.461-05:00  INFO 21264 --- [ntLoopGroup-2-5] .r.a.SpringBootWebfluxApirestApplication : Insert: 680ac7ac88f2bc21e885a512 Sony Camara HD Digital
2025-04-24T18:22:21.464-05:00  INFO 21264 --- [ntLoopGroup-2-4] .r.a.SpringBootWebfluxApirestApplication : Insert: 680ac7ac88f2bc21e885a513 Apple iPod
2025-04-24T18:22:21.473-05:00  INFO 21264 --- [ntLoopGroup-2-3] .r.a.SpringBootWebfluxApirestApplication : Insert: 680ac7ac88f2bc21e885a514 Sony Notebook
2025-04-24T18:22:21.478-05:00  INFO 21264 --- [ntLoopGroup-2-7] .r.a.SpringBootWebfluxApirestApplication : Insert: 680ac7ac88f2bc21e885a515 Hewlett Packard Multifuncional
2025-04-24T18:22:21.482-05:00  INFO 21264 --- [ntLoopGroup-2-8] .r.a.SpringBootWebfluxApirestApplication : Insert: 680ac7ac88f2bc21e885a516 Bianchi Bicicleta
2025-04-24T18:22:21.486-05:00  INFO 21264 --- [ntLoopGroup-2-9] .r.a.SpringBootWebfluxApirestApplication : Insert: 680ac7ac88f2bc21e885a517 HP Notebook Omen 17
2025-04-24T18:22:21.491-05:00  INFO 21264 --- [tLoopGroup-2-10] .r.a.SpringBootWebfluxApirestApplication : Insert: 680ac7ac88f2bc21e885a518 Mica comoda 5 cajones
2025-04-24T18:22:21.494-05:00  INFO 21264 --- [tLoopGroup-2-11] .r.a.SpringBootWebfluxApirestApplication : Insert: 680ac7ac88f2bc21e885a519 TV Sony Bravia OLED 4K Ultra HD
]]></system-out>
  </testcase>
  <testcase name="listarConsumeWithTest" classname="com.bolsadeideas.springboot.reactor.app.SpringBootWebfluxApirestApplicationTests" time="0.091">
    <system-out><![CDATA[TV Panasonic Pantalla LCD
Sony Camara HD Digital
Apple iPod
Sony Notebook
Hewlett Packard Multifuncional
Bianchi Bicicleta
HP Notebook Omen 17
Mica comoda 5 cajones
TV Sony Bravia OLED 4K Ultra HD
]]></system-out>
  </testcase>
  <testcase name="editarTest" classname="com.bolsadeideas.springboot.reactor.app.SpringBootWebfluxApirestApplicationTests" time="0.196"/>
  <testcase name="listaTest" classname="com.bolsadeideas.springboot.reactor.app.SpringBootWebfluxApirestApplicationTests" time="0.036"/>
  <testcase name="verTest" classname="com.bolsadeideas.springboot.reactor.app.SpringBootWebfluxApirestApplicationTests" time="0.026"/>
  <testcase name="crearTest" classname="com.bolsadeideas.springboot.reactor.app.SpringBootWebfluxApirestApplicationTests" time="0.216"/>
  <testcase name="crear2Test" classname="com.bolsadeideas.springboot.reactor.app.SpringBootWebfluxApirestApplicationTests" time="0.028"/>
</testsuite>